<?xml version="1.0" encoding="UTF-8"?>
<testsuite xmlns:xsi="http://www.w3.org/2001/XMLSchema-instance" xsi:noNamespaceSchemaLocation="https://maven.apache.org/surefire/maven-surefire-plugin/xsd/surefire-test-report-3.0.xsd" version="3.0" name="org.example.HandlerTest" time="0.537" tests="2" errors="0" skipped="0" failures="0">
  <properties>
    <property name="awt.toolkit" value="sun.awt.X11.XToolkit"/>
    <property name="java.specification.version" value="11"/>
    <property name="sun.cpu.isalist" value=""/>
    <property name="sun.jnu.encoding" value="UTF-8"/>
    <property name="java.class.path" value="/workspace/AWS-Examples/S3/SDK/java/getstarted/target/test-classes:/workspace/AWS-Examples/S3/SDK/java/getstarted/target/classes:/workspace/m2-repository/software/amazon/awssdk/s3/2.20.43/s3-2.20.43.jar:/workspace/m2-repository/software/amazon/awssdk/aws-xml-protocol/2.20.43/aws-xml-protocol-2.20.43.jar:/workspace/m2-repository/software/amazon/awssdk/aws-query-protocol/2.20.43/aws-query-protocol-2.20.43.jar:/workspace/m2-repository/software/amazon/awssdk/protocol-core/2.20.43/protocol-core-2.20.43.jar:/workspace/m2-repository/software/amazon/awssdk/arns/2.20.43/arns-2.20.43.jar:/workspace/m2-repository/software/amazon/awssdk/profiles/2.20.43/profiles-2.20.43.jar:/workspace/m2-repository/software/amazon/awssdk/crt-core/2.20.43/crt-core-2.20.43.jar:/workspace/m2-repository/software/amazon/awssdk/sdk-core/2.20.43/sdk-core-2.20.43.jar:/workspace/m2-repository/org/reactivestreams/reactive-streams/1.0.3/reactive-streams-1.0.3.jar:/workspace/m2-repository/software/amazon/awssdk/auth/2.20.43/auth-2.20.43.jar:/workspace/m2-repository/software/amazon/eventstream/eventstream/1.0.1/eventstream-1.0.1.jar:/workspace/m2-repository/software/amazon/awssdk/http-client-spi/2.20.43/http-client-spi-2.20.43.jar:/workspace/m2-repository/software/amazon/awssdk/regions/2.20.43/regions-2.20.43.jar:/workspace/m2-repository/software/amazon/awssdk/annotations/2.20.43/annotations-2.20.43.jar:/workspace/m2-repository/software/amazon/awssdk/utils/2.20.43/utils-2.20.43.jar:/workspace/m2-repository/software/amazon/awssdk/aws-core/2.20.43/aws-core-2.20.43.jar:/workspace/m2-repository/software/amazon/awssdk/metrics-spi/2.20.43/metrics-spi-2.20.43.jar:/workspace/m2-repository/software/amazon/awssdk/json-utils/2.20.43/json-utils-2.20.43.jar:/workspace/m2-repository/software/amazon/awssdk/endpoints-spi/2.20.43/endpoints-spi-2.20.43.jar:/workspace/m2-repository/software/amazon/awssdk/sso/2.20.43/sso-2.20.43.jar:/workspace/m2-repository/software/amazon/awssdk/aws-json-protocol/2.20.43/aws-json-protocol-2.20.43.jar:/workspace/m2-repository/software/amazon/awssdk/netty-nio-client/2.20.43/netty-nio-client-2.20.43.jar:/workspace/m2-repository/io/netty/netty-codec-http/4.1.86.Final/netty-codec-http-4.1.86.Final.jar:/workspace/m2-repository/io/netty/netty-codec-http2/4.1.86.Final/netty-codec-http2-4.1.86.Final.jar:/workspace/m2-repository/io/netty/netty-codec/4.1.86.Final/netty-codec-4.1.86.Final.jar:/workspace/m2-repository/io/netty/netty-transport/4.1.86.Final/netty-transport-4.1.86.Final.jar:/workspace/m2-repository/io/netty/netty-resolver/4.1.86.Final/netty-resolver-4.1.86.Final.jar:/workspace/m2-repository/io/netty/netty-common/4.1.86.Final/netty-common-4.1.86.Final.jar:/workspace/m2-repository/io/netty/netty-buffer/4.1.86.Final/netty-buffer-4.1.86.Final.jar:/workspace/m2-repository/io/netty/netty-handler/4.1.86.Final/netty-handler-4.1.86.Final.jar:/workspace/m2-repository/io/netty/netty-transport-native-unix-common/4.1.86.Final/netty-transport-native-unix-common-4.1.86.Final.jar:/workspace/m2-repository/io/netty/netty-transport-classes-epoll/4.1.86.Final/netty-transport-classes-epoll-4.1.86.Final.jar:/workspace/m2-repository/software/amazon/awssdk/ssooidc/2.20.43/ssooidc-2.20.43.jar:/workspace/m2-repository/software/amazon/awssdk/third-party-jackson-core/2.20.43/third-party-jackson-core-2.20.43.jar:/workspace/m2-repository/software/amazon/awssdk/apache-client/2.20.43/apache-client-2.20.43.jar:/workspace/m2-repository/org/apache/httpcomponents/httpclient/4.5.13/httpclient-4.5.13.jar:/workspace/m2-repository/org/apache/httpcomponents/httpcore/4.4.13/httpcore-4.4.13.jar:/workspace/m2-repository/commons-codec/commons-codec/1.15/commons-codec-1.15.jar:/workspace/m2-repository/org/slf4j/slf4j-api/1.7.28/slf4j-api-1.7.28.jar:/workspace/m2-repository/org/slf4j/slf4j-simple/1.7.28/slf4j-simple-1.7.28.jar:/workspace/m2-repository/org/slf4j/jcl-over-slf4j/1.7.28/jcl-over-slf4j-1.7.28.jar:/workspace/m2-repository/org/junit/jupiter/junit-jupiter/5.8.1/junit-jupiter-5.8.1.jar:/workspace/m2-repository/org/junit/jupiter/junit-jupiter-api/5.8.1/junit-jupiter-api-5.8.1.jar:/workspace/m2-repository/org/opentest4j/opentest4j/1.2.0/opentest4j-1.2.0.jar:/workspace/m2-repository/org/junit/platform/junit-platform-commons/1.8.1/junit-platform-commons-1.8.1.jar:/workspace/m2-repository/org/apiguardian/apiguardian-api/1.1.2/apiguardian-api-1.1.2.jar:/workspace/m2-repository/org/junit/jupiter/junit-jupiter-params/5.8.1/junit-jupiter-params-5.8.1.jar:/workspace/m2-repository/org/junit/jupiter/junit-jupiter-engine/5.8.1/junit-jupiter-engine-5.8.1.jar:/workspace/m2-repository/org/junit/platform/junit-platform-engine/1.8.1/junit-platform-engine-1.8.1.jar:"/>
    <property name="java.vm.vendor" value="Azul Systems, Inc."/>
    <property name="sun.arch.data.model" value="64"/>
    <property name="java.vendor.url" value="http://www.azul.com/"/>
    <property name="user.timezone" value="Etc/UTC"/>
    <property name="java.vm.specification.version" value="11"/>
    <property name="os.name" value="Linux"/>
    <property name="sun.java.launcher" value="SUN_STANDARD"/>
    <property name="user.country" value="US"/>
    <property name="sun.boot.library.path" value="/home/gitpod/.sdkman/candidates/java/11.0.23.fx-zulu/lib"/>
    <property name="sun.java.command" value="/workspace/AWS-Examples/S3/SDK/java/getstarted/target/surefire/surefirebooter-20240517001611200_3.jar /workspace/AWS-Examples/S3/SDK/java/getstarted/target/surefire 2024-05-17T00-16-11_057-jvmRun1 surefire-20240517001611200_1tmp surefire_0-20240517001611200_2tmp"/>
    <property name="jdk.debug" value="release"/>
    <property name="surefire.test.class.path" value="/workspace/AWS-Examples/S3/SDK/java/getstarted/target/test-classes:/workspace/AWS-Examples/S3/SDK/java/getstarted/target/classes:/workspace/m2-repository/software/amazon/awssdk/s3/2.20.43/s3-2.20.43.jar:/workspace/m2-repository/software/amazon/awssdk/aws-xml-protocol/2.20.43/aws-xml-protocol-2.20.43.jar:/workspace/m2-repository/software/amazon/awssdk/aws-query-protocol/2.20.43/aws-query-protocol-2.20.43.jar:/workspace/m2-repository/software/amazon/awssdk/protocol-core/2.20.43/protocol-core-2.20.43.jar:/workspace/m2-repository/software/amazon/awssdk/arns/2.20.43/arns-2.20.43.jar:/workspace/m2-repository/software/amazon/awssdk/profiles/2.20.43/profiles-2.20.43.jar:/workspace/m2-repository/software/amazon/awssdk/crt-core/2.20.43/crt-core-2.20.43.jar:/workspace/m2-repository/software/amazon/awssdk/sdk-core/2.20.43/sdk-core-2.20.43.jar:/workspace/m2-repository/org/reactivestreams/reactive-streams/1.0.3/reactive-streams-1.0.3.jar:/workspace/m2-repository/software/amazon/awssdk/auth/2.20.43/auth-2.20.43.jar:/workspace/m2-repository/software/amazon/eventstream/eventstream/1.0.1/eventstream-1.0.1.jar:/workspace/m2-repository/software/amazon/awssdk/http-client-spi/2.20.43/http-client-spi-2.20.43.jar:/workspace/m2-repository/software/amazon/awssdk/regions/2.20.43/regions-2.20.43.jar:/workspace/m2-repository/software/amazon/awssdk/annotations/2.20.43/annotations-2.20.43.jar:/workspace/m2-repository/software/amazon/awssdk/utils/2.20.43/utils-2.20.43.jar:/workspace/m2-repository/software/amazon/awssdk/aws-core/2.20.43/aws-core-2.20.43.jar:/workspace/m2-repository/software/amazon/awssdk/metrics-spi/2.20.43/metrics-spi-2.20.43.jar:/workspace/m2-repository/software/amazon/awssdk/json-utils/2.20.43/json-utils-2.20.43.jar:/workspace/m2-repository/software/amazon/awssdk/endpoints-spi/2.20.43/endpoints-spi-2.20.43.jar:/workspace/m2-repository/software/amazon/awssdk/sso/2.20.43/sso-2.20.43.jar:/workspace/m2-repository/software/amazon/awssdk/aws-json-protocol/2.20.43/aws-json-protocol-2.20.43.jar:/workspace/m2-repository/software/amazon/awssdk/netty-nio-client/2.20.43/netty-nio-client-2.20.43.jar:/workspace/m2-repository/io/netty/netty-codec-http/4.1.86.Final/netty-codec-http-4.1.86.Final.jar:/workspace/m2-repository/io/netty/netty-codec-http2/4.1.86.Final/netty-codec-http2-4.1.86.Final.jar:/workspace/m2-repository/io/netty/netty-codec/4.1.86.Final/netty-codec-4.1.86.Final.jar:/workspace/m2-repository/io/netty/netty-transport/4.1.86.Final/netty-transport-4.1.86.Final.jar:/workspace/m2-repository/io/netty/netty-resolver/4.1.86.Final/netty-resolver-4.1.86.Final.jar:/workspace/m2-repository/io/netty/netty-common/4.1.86.Final/netty-common-4.1.86.Final.jar:/workspace/m2-repository/io/netty/netty-buffer/4.1.86.Final/netty-buffer-4.1.86.Final.jar:/workspace/m2-repository/io/netty/netty-handler/4.1.86.Final/netty-handler-4.1.86.Final.jar:/workspace/m2-repository/io/netty/netty-transport-native-unix-common/4.1.86.Final/netty-transport-native-unix-common-4.1.86.Final.jar:/workspace/m2-repository/io/netty/netty-transport-classes-epoll/4.1.86.Final/netty-transport-classes-epoll-4.1.86.Final.jar:/workspace/m2-repository/software/amazon/awssdk/ssooidc/2.20.43/ssooidc-2.20.43.jar:/workspace/m2-repository/software/amazon/awssdk/third-party-jackson-core/2.20.43/third-party-jackson-core-2.20.43.jar:/workspace/m2-repository/software/amazon/awssdk/apache-client/2.20.43/apache-client-2.20.43.jar:/workspace/m2-repository/org/apache/httpcomponents/httpclient/4.5.13/httpclient-4.5.13.jar:/workspace/m2-repository/org/apache/httpcomponents/httpcore/4.4.13/httpcore-4.4.13.jar:/workspace/m2-repository/commons-codec/commons-codec/1.15/commons-codec-1.15.jar:/workspace/m2-repository/org/slf4j/slf4j-api/1.7.28/slf4j-api-1.7.28.jar:/workspace/m2-repository/org/slf4j/slf4j-simple/1.7.28/slf4j-simple-1.7.28.jar:/workspace/m2-repository/org/slf4j/jcl-over-slf4j/1.7.28/jcl-over-slf4j-1.7.28.jar:/workspace/m2-repository/org/junit/jupiter/junit-jupiter/5.8.1/junit-jupiter-5.8.1.jar:/workspace/m2-repository/org/junit/jupiter/junit-jupiter-api/5.8.1/junit-jupiter-api-5.8.1.jar:/workspace/m2-repository/org/opentest4j/opentest4j/1.2.0/opentest4j-1.2.0.jar:/workspace/m2-repository/org/junit/platform/junit-platform-commons/1.8.1/junit-platform-commons-1.8.1.jar:/workspace/m2-repository/org/apiguardian/apiguardian-api/1.1.2/apiguardian-api-1.1.2.jar:/workspace/m2-repository/org/junit/jupiter/junit-jupiter-params/5.8.1/junit-jupiter-params-5.8.1.jar:/workspace/m2-repository/org/junit/jupiter/junit-jupiter-engine/5.8.1/junit-jupiter-engine-5.8.1.jar:/workspace/m2-repository/org/junit/platform/junit-platform-engine/1.8.1/junit-platform-engine-1.8.1.jar:"/>
    <property name="sun.cpu.endian" value="little"/>
    <property name="user.home" value="/home/gitpod"/>
    <property name="user.language" value="en"/>
    <property name="java.specification.vendor" value="Oracle Corporation"/>
    <property name="java.version.date" value="2024-04-16"/>
    <property name="java.home" value="/home/gitpod/.sdkman/candidates/java/11.0.23.fx-zulu"/>
    <property name="file.separator" value="/"/>
    <property name="basedir" value="/workspace/AWS-Examples/S3/SDK/java/getstarted"/>
    <property name="java.vm.compressedOopsMode" value="Zero based"/>
    <property name="line.separator" value="&#10;"/>
    <property name="java.specification.name" value="Java Platform API Specification"/>
    <property name="java.vm.specification.vendor" value="Oracle Corporation"/>
    <property name="jdk.vendor.version" value="Zulu11.72+19-CA"/>
    <property name="java.awt.graphicsenv" value="sun.awt.X11GraphicsEnvironment"/>
    <property name="surefire.real.class.path" value="/workspace/AWS-Examples/S3/SDK/java/getstarted/target/surefire/surefirebooter-20240517001611200_3.jar"/>
    <property name="sun.management.compiler" value="HotSpot 64-Bit Tiered Compilers"/>
    <property name="java.runtime.version" value="11.0.23+9-LTS"/>
    <property name="user.name" value="gitpod"/>
    <property name="path.separator" value=":"/>
    <property name="os.version" value="6.1.75-060175-generic"/>
    <property name="java.runtime.name" value="OpenJDK Runtime Environment"/>
    <property name="file.encoding" value="UTF-8"/>
    <property name="java.vm.name" value="OpenJDK 64-Bit Server VM"/>
    <property name="java.vendor.version" value="Zulu11.72+19-CA"/>
    <property name="localRepository" value="/workspace/m2-repository"/>
    <property name="java.vendor.url.bug" value="http://www.azul.com/support/"/>
    <property name="java.io.tmpdir" value="/tmp"/>
    <property name="java.version" value="11.0.23"/>
    <property name="user.dir" value="/workspace/AWS-Examples/S3/SDK/java/getstarted"/>
    <property name="os.arch" value="amd64"/>
    <property name="java.vm.specification.name" value="Java Virtual Machine Specification"/>
    <property name="java.awt.printerjob" value="sun.print.PSPrinterJob"/>
    <property name="sun.os.patch.level" value="unknown"/>
    <property name="java.library.path" value="/usr/java/packages/lib:/usr/lib64:/lib64:/lib:/usr/lib"/>
    <property name="java.vm.info" value="mixed mode"/>
    <property name="java.vendor" value="Azul Systems, Inc."/>
    <property name="java.vm.version" value="11.0.23+9-LTS"/>
    <property name="java.specification.maintenance.version" value="2"/>
    <property name="sun.io.unicode.encoding" value="UnicodeLittle"/>
    <property name="java.class.version" value="55.0"/>
  </properties>
  <testcase name="testUploadObject" classname="org.example.HandlerTest" time="0.518"/>
  <testcase name="testCreateBucket" classname="org.example.HandlerTest" time="0.004"/>
</testsuite>